<?xml version="1.0" encoding="UTF-8"?>
<coverage generated="1554710193612" clover="3.2.0">
  <project timestamp="1554710193612" name="All files">
    <metrics statements="6" coveredstatements="6" conditionals="9" coveredconditionals="9" methods="1" coveredmethods="1" elements="16" coveredelements="16" complexity="0" loc="6" ncloc="6" packages="1" files="1" classes="1"/>
    <file name="addTwoNumbers.js" path="/Users/sophos/Decagon/Code/Main/Git/TDD-Practice/add-two-numbers/addTwoNumbers.js">
      <metrics statements="6" coveredstatements="6" conditionals="9" coveredconditionals="9" methods="1" coveredmethods="1"/>
      <line num="2" count="31" type="cond" truecount="2" falsecount="0"/>
      <line num="3" count="27" type="stmt"/>
      <line num="4" count="49" type="cond" truecount="2" falsecount="0"/>
      <line num="9" count="12" type="stmt"/>
      <line num="12" count="15" type="stmt"/>
      <line num="14" count="1" type="stmt"/>
    </file>
  </project>
</coverage>
