{"/Users/sophos/Decagon/Code/Main/Git/TDD-Practice/add-two-numbers/addTwoNumbers.js": {"path":"/Users/sophos/Decagon/Code/Main/Git/TDD-Practice/add-two-numbers/addTwoNumbers.js","statementMap":{"0":{"start":{"line":2,"column":1},"end":{"line":2,"column":88}},"1":{"start":{"line":2,"column":29},"end":{"line":2,"column":88}},"2":{"start":{"line":3,"column":1},"end":{"line":11,"column":2}},"3":{"start":{"line":3,"column":14},"end":{"line":3,"column":15}},"4":{"start":{"line":4,"column":2},"end":{"line":10,"column":3}},"5":{"start":{"line":9,"column":3},"end":{"line":9,"column":62}},"6":{"start":{"line":12,"column":1},"end":{"line":12,"column":47}},"7":{"start":{"line":14,"column":0},"end":{"line":14,"column":31}}},"fnMap":{"0":{"name":"addTwoNumbers","decl":{"start":{"line":1,"column":9},"end":{"line":1,"column":22}},"loc":{"start":{"line":1,"column":29},"end":{"line":13,"column":1}},"line":1}},"branchMap":{"0":{"loc":{"start":{"line":2,"column":1},"end":{"line":2,"column":88}},"type":"if","locations":[{"start":{"line":2,"column":1},"end":{"line":2,"column":88}},{"start":{"line":2,"column":1},"end":{"line":2,"column":88}}],"line":2},"1":{"loc":{"start":{"line":4,"column":2},"end":{"line":10,"column":3}},"type":"if","locations":[{"start":{"line":4,"column":2},"end":{"line":10,"column":3}},{"start":{"line":4,"column":2},"end":{"line":10,"column":3}}],"line":4},"2":{"loc":{"start":{"line":5,"column":3},"end":{"line":7,"column":72}},"type":"binary-expr","locations":[{"start":{"line":5,"column":3},"end":{"line":5,"column":35}},{"start":{"line":6,"column":3},"end":{"line":6,"column":36}},{"start":{"line":7,"column":4},"end":{"line":7,"column":22}},{"start":{"line":7,"column":26},"end":{"line":7,"column":46}},{"start":{"line":7,"column":50},"end":{"line":7,"column":71}}],"line":5}},"s":{"0":31,"1":4,"2":27,"3":27,"4":49,"5":12,"6":15,"7":1},"f":{"0":31},"b":{"0":[4,27],"1":[12,37],"2":[49,43,42,41,40]},"_coverageSchema":"43e27e138ebf9cfc5966b082cf9a028302ed4184","hash":"93da038858cee9068b5ebbe1f298fae7151270a6"}
}
